<?xml version="1.0" encoding="UTF-8" ?>
<testsuite errors="1" failures="0" hostname="owl-com" name="com.bookmanagement.test.BookManagementTest" skipped="0" tests="1" time="0.04" timestamp="2019-03-26T11:57:31">
  <properties>
    <property name="java.vendor" value="Oracle Corporation" />
    <property name="env.USERDOMAIN_ROAMINGPROFILE" value="OWL-COM" />
    <property name="sun.java.launcher" value="SUN_STANDARD" />
    <property name="eclipse.pdebuild.templates" value="C:\Users\HyeonHo\eclipse\java-2018-12\eclipse\..\..\..\.p2\pool\plugins\org.eclipse.pde.build_3.10.200.v20181008-0641\templates" />
    <property name="sun.management.compiler" value="HotSpot 64-Bit Tiered Compilers" />
    <property name="env.PROMPT" value="$P$G" />
    <property name="os.name" value="Windows 8.1" />
    <property name="env.PYTHONPATH" value="C:\Users\HyeonHo\Documents\Visual Studio 2017\Projects\testCN\testCN" />
    <property name="env.FP_NO_HOST_CHECK" value="NO" />
    <property name="sun.boot.class.path" value="C:\Program Files\Java\jre1.8.0_171\lib\resources.jar;C:\Program Files\Java\jre1.8.0_171\lib\rt.jar;C:\Program Files\Java\jre1.8.0_171\lib\sunrsasign.jar;C:\Program Files\Java\jre1.8.0_171\lib\jsse.jar;C:\Program Files\Java\jre1.8.0_171\lib\jce.jar;C:\Program Files\Java\jre1.8.0_171\lib\charsets.jar;C:\Program Files\Java\jre1.8.0_171\lib\jfr.jar;C:\Program Files\Java\jre1.8.0_171\classes" />
    <property name="env.COMPUTERNAME" value="OWL-COM" />
    <property name="env.CommonProgramW6432" value="C:\Program Files\Common Files" />
    <property name="env.ALLUSERSPROFILE" value="C:\ProgramData" />
    <property name="sun.desktop" value="windows" />
    <property name="java.vm.specification.vendor" value="Oracle Corporation" />
    <property name="ant.home" value="C:\Users\HyeonHo\.p2\pool\plugins\org.apache.ant_1.10.5.v20180808-0324" />
    <property name="java.runtime.version" value="1.8.0_171-b11" />
    <property name="env.HOMEPATH" value="\Users\HyeonHo" />
    <property name="user.name" value="HyeonHo" />
    <property name="user.language" value="ko" />
    <property name="sun.boot.library.path" value="C:\Program Files\Java\jre1.8.0_171\bin" />
    <property name="ant.project.default-target" value="build" />
    <property name="ant.project.name" value="LibraryManagement" />
    <property name="java.version" value="1.8.0_171" />
    <property name="env.PROCESSOR_IDENTIFIER" value="Intel64 Family 6 Model 158 Stepping 9, GenuineIntel" />
    <property name="user.timezone" value="" />
    <property name="env.TEMP" value="C:\Users\HyeonHo\AppData\Local\Temp" />
    <property name="sun.arch.data.model" value="64" />
    <property name="java.endorsed.dirs" value="C:\Program Files\Java\jre1.8.0_171\lib\endorsed" />
    <property name="sun.cpu.isalist" value="amd64" />
    <property name="env.HOMEDRIVE" value="C:" />
    <property name="sun.jnu.encoding" value="MS949" />
    <property name="file.encoding.pkg" value="sun.io" />
    <property name="env.CPLEX_STUDIO_DIR129" value="C:\Program Files\IBM\ILOG\CPLEX_Studio129" />
    <property name="file.separator" value="\" />
    <property name="java.specification.name" value="Java Platform API Specification" />
    <property name="java.class.version" value="52.0" />
    <property name="user.country" value="KR" />
    <property name="env.GRADLE_HOME" value="C:\ProgramData\chocolatey\lib\gradle\tools\gradle-5.2" />
    <property name="env.NDDSHOME" value="D:\Program Files\rti_connext_dds-5.3.0" />
    <property name="java.home" value="C:\Program Files\Java\jre1.8.0_171" />
    <property name="env.PSModulePath" value="C:\WINDOWS\system32\WindowsPowerShell\v1.0\Modules\" />
    <property name="env.APPDATA" value="C:\Users\HyeonHo\AppData\Roaming" />
    <property name="env.PUBLIC" value="C:\Users\Public" />
    <property name="java.vm.info" value="mixed mode" />
    <property name="env.ComSpec" value="C:\WINDOWS\system32\cmd.exe" />
    <property name="env.OS" value="Windows_NT" />
    <property name="env.CommonProgramFiles" value="C:\Program Files\Common Files" />
    <property name="ant.file" value="C:\Users\HyeonHo\git\LibraryManagement\build.xml" />
    <property name="os.version" value="6.3" />
    <property name="env.ProgramW6432" value="C:\Program Files" />
    <property name="ant.file.type.LibraryManagement" value="file" />
    <property name="ant.file.LibraryManagement" value="C:\Users\HyeonHo\git\LibraryManagement\build.xml" />
    <property name="path.separator" value=";" />
    <property name="java.vm.version" value="25.171-b11" />
    <property name="env.USERPROFILE" value="C:\Users\HyeonHo" />
    <property name="user.variant" value="" />
    <property name="ant.library.dir" value="C:\Users\HyeonHo\.p2\pool\plugins\org.apache.ant_1.10.5.v20180808-0324\lib" />
    <property name="junit.output.dir" value="junit" />
    <property name="env.JAVA_HOME" value="C:\Program Files\Java\jdk1.8.0_131" />
    <property name="java.awt.printerjob" value="sun.awt.windows.WPrinterJob" />
    <property name="env.TMP" value="C:\Users\HyeonHo\AppData\Local\Temp" />
    <property name="sun.io.unicode.encoding" value="UnicodeLittle" />
    <property name="awt.toolkit" value="sun.awt.windows.WToolkit" />
    <property name="user.script" value="" />
    <property name="eclipse.pdebuild.scripts" value="C:\Users\HyeonHo\eclipse\java-2018-12\eclipse\..\..\..\.p2\pool\plugins\org.eclipse.pde.build_3.10.200.v20181008-0641\scripts" />
    <property name="user.home" value="C:\Users\HyeonHo" />
    <property name="target" value="1.8" />
    <property name="env.ProgramData" value="C:\ProgramData" />
    <property name="env.VS140COMNTOOLS" value="C:\Program Files (x86)\Microsoft Visual Studio 14.0\Common7\Tools\" />
    <property name="env.ProgramFiles(x86)" value="C:\Program Files (x86)" />
    <property name="env.SESSIONNAME" value="Console" />
    <property name="java.specification.vendor" value="Oracle Corporation" />
    <property name="java.vendor.url" value="http://java.oracle.com/" />
    <property name="java.library.path" value="C:\Program Files\Java\jre1.8.0_171\bin;C:\WINDOWS\Sun\Java\bin;C:\WINDOWS\system32;C:\WINDOWS;C:/Program Files/Java/jre1.8.0_171/bin/server;C:/Program Files/Java/jre1.8.0_171/bin;C:/Program Files/Java/jre1.8.0_171/lib/amd64;C:\Program Files\IBM\ILOG\CPLEX_Studio129\opl\bin\x64_win64;C:\Program Files\IBM\ILOG\CPLEX_Studio129\opl\oplide\;C:\Program Files\IBM\ILOG\CPLEX_Studio129\cplex\bin\x64_win64;C:\Program Files\IBM\ILOG\CPLEX_Studio129\cpoptimizer\bin\x64_win64;C:\ProgramData\Oracle\Java\javapath;C:\Program Files (x86)\Common Files\Oracle\Java\javapath;C:\Program Files\Python36\Scripts\;C:\Program Files\Python36\;C:\WINDOWS\system32;C:\WINDOWS;C:\WINDOWS\System32\Wbem;C:\WINDOWS\System32\WindowsPowerShell\v1.0\;C:\Users\HyeonHo\.dnx\bin;C:\Program Files\Microsoft DNX\Dnvm\;C:\Program Files\Microsoft SQL Server\130\Tools\Binn\;C:\Program Files (x86)\ATI Technologies\ATI.ACE\Core-Static;C:\Program Files\CMake\bin;D:\Program Files\rti_connext_dds-5.3.0\lib\java;D:\Program Files\rti_connext_dds-5.3.0\include;D:\Program Files\rti_connext_dds-5.3.0\lib\x64Win64VS2015;C:\Program Files (x86)\Windows Live\Shared;C:\ffmpeg\bin;C:\opencv\build\x64\vc14\bin;C:\Program Files\Python36\Lib\site-packages\numpy\core\include;C:\Program Files\TortoiseSVN\bin;C:\Users\HyeonHo\Desktop\blast\blast-2.7.1+\bin;C:\ProgramData\chocolatey\bin;C:\Gradle\gradle-5.2\bin;C:\Users\HyeonHo;C:\Program Files\Git\cmd;C:\Maven\apache-maven-3.6.0\bin;C:\Program Files\Java\jdk1.8.0_131/bin;C:\Users\HyeonHo\Desktop\blast\blast-2.7.1+\bin;C:\Program Files\Bandizip\;D:\Program Files\rti_connext_dds-5.3.0\lib\x64Win64VS2015;C:\Users\HyeonHo\Desktop\개발도구;;." />
    <property name="env.NUMBER_OF_PROCESSORS" value="8" />
    <property name="java.vm.vendor" value="Oracle Corporation" />
    <property name="env.ChocolateyLastPathUpdate" value="Thu Feb  7 17:20:56 2019" />
    <property name="env.BOOST_ROOT" value="C:\boost_1_65_1" />
    <property name="java.runtime.name" value="Java(TM) SE Runtime Environment" />
    <property name="ant.version" value="Apache Ant(TM) version 1.10.5 compiled on July 10 2018" />
    <property name="java.class.path" value="C:\Users\HyeonHo\git\LibraryManagement\bin;C:\Users\HyeonHo\.p2\pool\plugins\org.junit.jupiter.api_5.3.1.v20181005-1442.jar;C:\Users\HyeonHo\.p2\pool\plugins\org.junit.jupiter.engine_5.3.1.v20181005-1442.jar;C:\Users\HyeonHo\.p2\pool\plugins\org.junit.jupiter.migrationsupport_5.3.1.v20181005-1442.jar;C:\Users\HyeonHo\.p2\pool\plugins\org.junit.jupiter.params_5.3.1.v20181005-1442.jar;C:\Users\HyeonHo\.p2\pool\plugins\org.junit.platform.commons_1.3.1.v20181005-1442.jar;C:\Users\HyeonHo\.p2\pool\plugins\org.junit.platform.engine_1.3.1.v20181005-1442.jar;C:\Users\HyeonHo\.p2\pool\plugins\org.junit.platform.launcher_1.3.1.v20181005-1442.jar;C:\Users\HyeonHo\.p2\pool\plugins\org.junit.platform.runner_1.3.1.v20181005-1442.jar;C:\Users\HyeonHo\.p2\pool\plugins\org.junit.platform.suite.api_1.3.1.v20181005-1442.jar;C:\Users\HyeonHo\.p2\pool\plugins\org.junit.vintage.engine_5.3.1.v20181005-1442.jar;C:\Users\HyeonHo\.p2\pool\plugins\org.opentest4j_1.1.1.v20181005-1442.jar;C:\Users\HyeonHo\.p2\pool\plugins\org.apiguardian_1.0.0.v20181005-1442.jar;C:\Users\HyeonHo\.p2\pool\plugins\org.junit_4.12.0.v201504281640\junit.jar;C:\Users\HyeonHo\.p2\pool\plugins\org.hamcrest.core_1.3.0.v20180420-1519.jar;C:\Users\HyeonHo\.p2\pool\plugins\org.apache.ant_1.10.5.v20180808-0324\lib\ant-launcher.jar;C:\Users\HyeonHo\.p2\pool\plugins\org.apache.ant_1.10.5.v20180808-0324\lib\ant.jar;C:\Users\HyeonHo\.p2\pool\plugins\org.apache.ant_1.10.5.v20180808-0324\lib\ant-junit.jar;C:\Users\HyeonHo\.p2\pool\plugins\org.apache.ant_1.10.5.v20180808-0324\lib\ant-junit4.jar" />
    <property name="sun.java.command" value="org.apache.tools.ant.taskdefs.optional.junit.JUnitTestRunner com.bookmanagement.test.BookManagementTest skipNonTests=false filtertrace=true haltOnError=false haltOnFailure=false formatter=org.apache.tools.ant.taskdefs.optional.junit.OutErrSummaryJUnitResultFormatter showoutput=false outputtoformatters=true logfailedtests=true threadid=0 logtestlistenerevents=false formatter=org.apache.tools.ant.taskdefs.optional.junit.XMLJUnitResultFormatter,C:\Users\HyeonHo\git\LibraryManagement\junit\TEST-com.bookmanagement.test.BookManagementTest.xml crashfile=C:\Users\HyeonHo\git\LibraryManagement\junitvmwatcher3552529844898983482.properties propsfile=C:\Users\HyeonHo\git\LibraryManagement\junit2655353777665272011.properties" />
    <property name="java.vm.specification.name" value="Java Virtual Machine Specification" />
    <property name="env.windir" value="C:\WINDOWS" />
    <property name="env.LOGONSERVER" value="\\MicrosoftAccount" />
    <property name="env.PROCESSOR_ARCHITECTURE" value="AMD64" />
    <property name="java.vm.specification.version" value="1.8" />
    <property name="sun.os.patch.level" value="" />
    <property name="sun.cpu.endian" value="little" />
    <property name="debuglevel" value="source,lines,vars" />
    <property name="env.OneDrive" value="C:\Users\HyeonHo\OneDrive" />
    <property name="env.ProgramFiles" value="C:\Program Files" />
    <property name="env.ANT_HOME" value="C:\Users\HyeonHo\.p2\pool\plugins\org.apache.ant_1.10.5.v20180808-0324" />
    <property name="java.io.tmpdir" value="C:\Users\HyeonHo\AppData\Local\Temp\" />
    <property name="env.PROCESSOR_REVISION" value="9e09" />
    <property name="eclipse.pdebuild.home" value="C:\Users\HyeonHo\eclipse\java-2018-12\eclipse\..\..\..\.p2\pool\plugins\org.eclipse.pde.build_3.10.200.v20181008-0641\." />
    <property name="env.CommonProgramFiles(x86)" value="C:\Program Files (x86)\Common Files" />
    <property name="java.vendor.url.bug" value="http://bugreport.sun.com/bugreport/" />
    <property name="env.SystemRoot" value="C:\WINDOWS" />
    <property name="env.ChocolateyInstall" value="C:\ProgramData\chocolatey" />
    <property name="java.awt.graphicsenv" value="sun.awt.Win32GraphicsEnvironment" />
    <property name="os.arch" value="amd64" />
    <property name="java.ext.dirs" value="C:\Program Files\Java\jre1.8.0_171\lib\ext;C:\WINDOWS\Sun\Java\lib\ext" />
    <property name="user.dir" value="C:\Users\HyeonHo\git\LibraryManagement" />
    <property name="env.LOCALAPPDATA" value="C:\Users\HyeonHo\AppData\Local" />
    <property name="line.separator" value="&#xd;&#xa;" />
    <property name="env.BLASTDB" value="C:\Users\HyeonHo\Desktop\blast\blast-2.7.1+\db" />
    <property name="java.vm.name" value="Java HotSpot(TM) 64-Bit Server VM" />
    <property name="env.PATHEXT" value=".COM;.EXE;.BAT;.CMD;.VBS;.VBE;.JS;.JSE;.WSF;.WSH;.MSC;.PY;.PYW" />
    <property name="env.Path" value="C:/Program Files/Java/jre1.8.0_171/bin/server;C:/Program Files/Java/jre1.8.0_171/bin;C:/Program Files/Java/jre1.8.0_171/lib/amd64;C:\Program Files\IBM\ILOG\CPLEX_Studio129\opl\bin\x64_win64;C:\Program Files\IBM\ILOG\CPLEX_Studio129\opl\oplide\;C:\Program Files\IBM\ILOG\CPLEX_Studio129\cplex\bin\x64_win64;C:\Program Files\IBM\ILOG\CPLEX_Studio129\cpoptimizer\bin\x64_win64;C:\ProgramData\Oracle\Java\javapath;C:\Program Files (x86)\Common Files\Oracle\Java\javapath;C:\Program Files\Python36\Scripts\;C:\Program Files\Python36\;C:\WINDOWS\system32;C:\WINDOWS;C:\WINDOWS\System32\Wbem;C:\WINDOWS\System32\WindowsPowerShell\v1.0\;C:\Users\HyeonHo\.dnx\bin;C:\Program Files\Microsoft DNX\Dnvm\;C:\Program Files\Microsoft SQL Server\130\Tools\Binn\;C:\Program Files (x86)\ATI Technologies\ATI.ACE\Core-Static;C:\Program Files\CMake\bin;D:\Program Files\rti_connext_dds-5.3.0\lib\java;D:\Program Files\rti_connext_dds-5.3.0\include;D:\Program Files\rti_connext_dds-5.3.0\lib\x64Win64VS2015;C:\Program Files (x86)\Windows Live\Shared;C:\ffmpeg\bin;C:\opencv\build\x64\vc14\bin;C:\Program Files\Python36\Lib\site-packages\numpy\core\include;C:\Program Files\TortoiseSVN\bin;C:\Users\HyeonHo\Desktop\blast\blast-2.7.1+\bin;C:\ProgramData\chocolatey\bin;C:\Gradle\gradle-5.2\bin;C:\Users\HyeonHo;C:\Program Files\Git\cmd;C:\Maven\apache-maven-3.6.0\bin;C:\Program Files\Java\jdk1.8.0_131/bin;C:\Users\HyeonHo\Desktop\blast\blast-2.7.1+\bin;C:\Program Files\Bandizip\;D:\Program Files\rti_connext_dds-5.3.0\lib\x64Win64VS2015;C:\Users\HyeonHo\Desktop\개발도구;" />
    <property name="basedir" value="C:\Users\HyeonHo\git\LibraryManagement" />
    <property name="env.DIALIGN2_DIR" value="C:\Users\HyeonHo\Desktop\dialign\dialign2_dir" />
    <property name="ant.java.version" value="1.8" />
    <property name="ant.core.lib" value="C:\Users\HyeonHo\.p2\pool\plugins\org.apache.ant_1.10.5.v20180808-0324\lib\ant.jar" />
    <property name="env.USERNAME" value="HyeonHo" />
    <property name="source" value="1.8" />
    <property name="env.SystemDrive" value="C:" />
    <property name="file.encoding" value="MS949" />
    <property name="env.USERDOMAIN" value="OWL-COM" />
    <property name="java.specification.version" value="1.8" />
    <property name="ant.project.invoked-targets" value="BookManagementTest" />
    <property name="env.CPLEX_STUDIO_BINARIES129" value="C:\Program Files\IBM\ILOG\CPLEX_Studio129\opl\bin\x64_win64;C:\Program Files\IBM\ILOG\CPLEX_Studio129\opl\oplide\;C:\Program Files\IBM\ILOG\CPLEX_Studio129\cplex\bin\x64_win64;C:\Program Files\IBM\ILOG\CPLEX_Studio129\cpoptimizer\bin\x64_win64" />
    <property name="env.PROCESSOR_LEVEL" value="6" />
  </properties>
  <testcase classname="com.bookmanagement.test.BookManagementTest" name="initializationError" time="0.003">
    <error message="No runnable methods" type="java.lang.Exception">java.lang.Exception: No runnable methods
	at java.lang.reflect.Constructor.newInstance(Unknown Source)
</error>
  </testcase>
  <system-out><![CDATA[]]></system-out>
  <system-err><![CDATA[]]></system-err>
</testsuite>
